{"/Users/carloscoello/Documents/github_2025/react-login/src/actions/userActions.js": {"path":"/Users/carloscoello/Documents/github_2025/react-login/src/actions/userActions.js","statementMap":{"0":{"start":{"line":23,"column":31},"end":{"line":39,"column":1}},"1":{"start":{"line":23,"column":52},"end":{"line":39,"column":1}},"2":{"start":{"line":24,"column":2},"end":{"line":38,"column":3}},"3":{"start":{"line":25,"column":4},"end":{"line":25,"column":28}},"4":{"start":{"line":26,"column":21},"end":{"line":29,"column":6}},"5":{"start":{"line":30,"column":22},"end":{"line":30,"column":35}},"6":{"start":{"line":31,"column":4},"end":{"line":31,"column":41}},"7":{"start":{"line":32,"column":4},"end":{"line":32,"column":42}},"8":{"start":{"line":33,"column":18},"end":{"line":33,"column":31}},"9":{"start":{"line":34,"column":4},"end":{"line":34,"column":51}},"10":{"start":{"line":35,"column":4},"end":{"line":35,"column":71}},"11":{"start":{"line":37,"column":4},"end":{"line":37,"column":80}},"12":{"start":{"line":42,"column":32},"end":{"line":46,"column":1}},"13":{"start":{"line":42,"column":38},"end":{"line":46,"column":1}},"14":{"start":{"line":43,"column":2},"end":{"line":43,"column":35}},"15":{"start":{"line":44,"column":2},"end":{"line":44,"column":40}},"16":{"start":{"line":45,"column":2},"end":{"line":45,"column":25}},"17":{"start":{"line":55,"column":2},"end":{"line":68,"column":3}},"18":{"start":{"line":55,"column":29},"end":{"line":68,"column":3}},"19":{"start":{"line":56,"column":4},"end":{"line":67,"column":5}},"20":{"start":{"line":57,"column":6},"end":{"line":57,"column":30}},"21":{"start":{"line":58,"column":23},"end":{"line":62,"column":8}},"22":{"start":{"line":63,"column":6},"end":{"line":63,"column":76}},"23":{"start":{"line":65,"column":6},"end":{"line":65,"column":23}},"24":{"start":{"line":66,"column":6},"end":{"line":66,"column":85}},"25":{"start":{"line":74,"column":31},"end":{"line":81,"column":1}},"26":{"start":{"line":74,"column":39},"end":{"line":81,"column":1}},"27":{"start":{"line":75,"column":2},"end":{"line":80,"column":3}},"28":{"start":{"line":76,"column":21},"end":{"line":76,"column":55}},"29":{"start":{"line":77,"column":4},"end":{"line":77,"column":39}},"30":{"start":{"line":79,"column":4},"end":{"line":79,"column":46}},"31":{"start":{"line":83,"column":40},"end":{"line":85,"column":1}},"32":{"start":{"line":83,"column":46},"end":{"line":85,"column":1}},"33":{"start":{"line":84,"column":4},"end":{"line":84,"column":41}}},"fnMap":{"0":{"name":"(anonymous_0)","decl":{"start":{"line":23,"column":31},"end":{"line":23,"column":32}},"loc":{"start":{"line":23,"column":52},"end":{"line":39,"column":1}},"line":23},"1":{"name":"(anonymous_1)","decl":{"start":{"line":23,"column":52},"end":{"line":23,"column":53}},"loc":{"start":{"line":23,"column":72},"end":{"line":39,"column":1}},"line":23},"2":{"name":"(anonymous_2)","decl":{"start":{"line":42,"column":32},"end":{"line":42,"column":33}},"loc":{"start":{"line":42,"column":38},"end":{"line":46,"column":1}},"line":42},"3":{"name":"(anonymous_3)","decl":{"start":{"line":42,"column":38},"end":{"line":42,"column":39}},"loc":{"start":{"line":42,"column":52},"end":{"line":46,"column":1}},"line":42},"4":{"name":"(anonymous_4)","decl":{"start":{"line":55,"column":2},"end":{"line":55,"column":3}},"loc":{"start":{"line":55,"column":29},"end":{"line":68,"column":3}},"line":55},"5":{"name":"(anonymous_5)","decl":{"start":{"line":55,"column":29},"end":{"line":55,"column":30}},"loc":{"start":{"line":55,"column":49},"end":{"line":68,"column":3}},"line":55},"6":{"name":"(anonymous_6)","decl":{"start":{"line":74,"column":31},"end":{"line":74,"column":32}},"loc":{"start":{"line":74,"column":39},"end":{"line":81,"column":1}},"line":74},"7":{"name":"(anonymous_7)","decl":{"start":{"line":74,"column":39},"end":{"line":74,"column":40}},"loc":{"start":{"line":74,"column":59},"end":{"line":81,"column":1}},"line":74},"8":{"name":"(anonymous_8)","decl":{"start":{"line":83,"column":40},"end":{"line":83,"column":41}},"loc":{"start":{"line":83,"column":46},"end":{"line":85,"column":1}},"line":83},"9":{"name":"(anonymous_9)","decl":{"start":{"line":83,"column":46},"end":{"line":83,"column":47}},"loc":{"start":{"line":83,"column":58},"end":{"line":85,"column":1}},"line":83}},"branchMap":{},"s":{"0":3,"1":2,"2":2,"3":2,"4":2,"5":1,"6":1,"7":1,"8":1,"9":1,"10":1,"11":1,"12":3,"13":1,"14":1,"15":1,"16":1,"17":3,"18":2,"19":2,"20":2,"21":2,"22":1,"23":1,"24":1,"25":3,"26":2,"27":2,"28":2,"29":1,"30":1,"31":3,"32":1,"33":1},"f":{"0":2,"1":2,"2":1,"3":1,"4":2,"5":2,"6":2,"7":2,"8":1,"9":1},"b":{},"_coverageSchema":"1a1c01bbd47fc00a2c39e90264f33305004495a9","hash":"1da299317f23e2a472ddc57dcbbaada25a353813"}
,"/Users/carloscoello/Documents/github_2025/react-login/src/components/Alert/AlertMessage.jsx": {"path":"/Users/carloscoello/Documents/github_2025/react-login/src/components/Alert/AlertMessage.jsx","statementMap":{"0":{"start":{"line":1,"column":28},"end":{"line":13,"column":1}},"1":{"start":{"line":2,"column":2},"end":{"line":2,"column":30}},"2":{"start":{"line":2,"column":18},"end":{"line":2,"column":30}},"3":{"start":{"line":4,"column":19},"end":{"line":4,"column":21}},"4":{"start":{"line":5,"column":2},"end":{"line":6,"column":58}},"5":{"start":{"line":5,"column":24},"end":{"line":5,"column":55}},"6":{"start":{"line":6,"column":7},"end":{"line":6,"column":58}},"7":{"start":{"line":6,"column":30},"end":{"line":6,"column":58}},"8":{"start":{"line":8,"column":2},"end":{"line":12,"column":4}}},"fnMap":{"0":{"name":"(anonymous_0)","decl":{"start":{"line":1,"column":28},"end":{"line":1,"column":29}},"loc":{"start":{"line":1,"column":65},"end":{"line":13,"column":1}},"line":1}},"branchMap":{"0":{"loc":{"start":{"line":2,"column":2},"end":{"line":2,"column":30}},"type":"if","locations":[{"start":{"line":2,"column":2},"end":{"line":2,"column":30}},{"start":{},"end":{}}],"line":2},"1":{"loc":{"start":{"line":5,"column":2},"end":{"line":6,"column":58}},"type":"if","locations":[{"start":{"line":5,"column":2},"end":{"line":6,"column":58}},{"start":{"line":6,"column":7},"end":{"line":6,"column":58}}],"line":5},"2":{"loc":{"start":{"line":6,"column":7},"end":{"line":6,"column":58}},"type":"if","locations":[{"start":{"line":6,"column":7},"end":{"line":6,"column":58}},{"start":{},"end":{}}],"line":6}},"s":{"0":2,"1":12,"2":12,"3":0,"4":0,"5":0,"6":0,"7":0,"8":0},"f":{"0":12},"b":{"0":[12,0],"1":[0,0],"2":[0,0]},"_coverageSchema":"1a1c01bbd47fc00a2c39e90264f33305004495a9","hash":"82a4ca9f9f339519e16115e6705db32ab011273e"}
,"/Users/carloscoello/Documents/github_2025/react-login/src/components/Button/Button.jsx": {"path":"/Users/carloscoello/Documents/github_2025/react-login/src/components/Button/Button.jsx","statementMap":{"0":{"start":{"line":1,"column":22},"end":{"line":5,"column":1}},"1":{"start":{"line":2,"column":2},"end":{"line":4,"column":11}}},"fnMap":{"0":{"name":"(anonymous_0)","decl":{"start":{"line":1,"column":22},"end":{"line":1,"column":23}},"loc":{"start":{"line":2,"column":2},"end":{"line":4,"column":11}},"line":2}},"branchMap":{},"s":{"0":2,"1":12},"f":{"0":12},"b":{},"_coverageSchema":"1a1c01bbd47fc00a2c39e90264f33305004495a9","hash":"e6bf0cd2b88ad23f3b5b6f93d884c0c37fdffee6"}
,"/Users/carloscoello/Documents/github_2025/react-login/src/components/Form/Form.jsx": {"path":"/Users/carloscoello/Documents/github_2025/react-login/src/components/Form/Form.jsx","statementMap":{"0":{"start":{"line":1,"column":20},"end":{"line":5,"column":1}},"1":{"start":{"line":2,"column":2},"end":{"line":4,"column":9}}},"fnMap":{"0":{"name":"(anonymous_0)","decl":{"start":{"line":1,"column":20},"end":{"line":1,"column":21}},"loc":{"start":{"line":2,"column":2},"end":{"line":4,"column":9}},"line":2}},"branchMap":{},"s":{"0":2,"1":12},"f":{"0":12},"b":{},"_coverageSchema":"1a1c01bbd47fc00a2c39e90264f33305004495a9","hash":"a5a4435180ae97715301551597b94d2ff8858ab0"}
,"/Users/carloscoello/Documents/github_2025/react-login/src/components/Input/Input.jsx": {"path":"/Users/carloscoello/Documents/github_2025/react-login/src/components/Input/Input.jsx","statementMap":{"0":{"start":{"line":2,"column":21},"end":{"line":30,"column":1}},"1":{"start":{"line":13,"column":2},"end":{"line":29,"column":5}}},"fnMap":{"0":{"name":"(anonymous_0)","decl":{"start":{"line":2,"column":21},"end":{"line":2,"column":22}},"loc":{"start":{"line":13,"column":2},"end":{"line":29,"column":5}},"line":13}},"branchMap":{"0":{"loc":{"start":{"line":24,"column":5},"end":{"line":28,"column":12}},"type":"cond-expr","locations":[{"start":{"line":25,"column":6},"end":{"line":27,"column":12}},{"start":{"line":28,"column":8},"end":{"line":28,"column":12}}],"line":24}},"s":{"0":2,"1":31},"f":{"0":31},"b":{"0":[5,26]},"_coverageSchema":"1a1c01bbd47fc00a2c39e90264f33305004495a9","hash":"edeefa703da7a00bcb0dbadd1965c54dac627958"}
,"/Users/carloscoello/Documents/github_2025/react-login/src/components/Label/Label.jsx": {"path":"/Users/carloscoello/Documents/github_2025/react-login/src/components/Label/Label.jsx","statementMap":{"0":{"start":{"line":2,"column":21},"end":{"line":4,"column":1}},"1":{"start":{"line":3,"column":1},"end":{"line":3,"column":62}}},"fnMap":{"0":{"name":"(anonymous_0)","decl":{"start":{"line":2,"column":21},"end":{"line":2,"column":22}},"loc":{"start":{"line":3,"column":1},"end":{"line":3,"column":62}},"line":3}},"branchMap":{},"s":{"0":2,"1":31},"f":{"0":31},"b":{},"_coverageSchema":"1a1c01bbd47fc00a2c39e90264f33305004495a9","hash":"603b38a0ad413e067ae767b0c4fdc48b82ad4190"}
,"/Users/carloscoello/Documents/github_2025/react-login/src/components/PageHeader/PageHeader.jsx": {"path":"/Users/carloscoello/Documents/github_2025/react-login/src/components/PageHeader/PageHeader.jsx","statementMap":{"0":{"start":{"line":1,"column":26},"end":{"line":5,"column":1}},"1":{"start":{"line":2,"column":4},"end":{"line":4,"column":13}}},"fnMap":{"0":{"name":"(anonymous_0)","decl":{"start":{"line":1,"column":26},"end":{"line":1,"column":27}},"loc":{"start":{"line":2,"column":4},"end":{"line":4,"column":13}},"line":2}},"branchMap":{},"s":{"0":3,"1":16},"f":{"0":16},"b":{},"_coverageSchema":"1a1c01bbd47fc00a2c39e90264f33305004495a9","hash":"08374315215f169e12efde9d5e55740fc8920232"}
,"/Users/carloscoello/Documents/github_2025/react-login/src/lib/common.js": {"path":"/Users/carloscoello/Documents/github_2025/react-login/src/lib/common.js","statementMap":{"0":{"start":{"line":8,"column":17},"end":{"line":8,"column":41}},"1":{"start":{"line":9,"column":4},"end":{"line":9,"column":46}},"2":{"start":{"line":12,"column":4},"end":{"line":12,"column":41}},"3":{"start":{"line":15,"column":4},"end":{"line":19,"column":5}},"4":{"start":{"line":16,"column":6},"end":{"line":16,"column":18}},"5":{"start":{"line":18,"column":6},"end":{"line":18,"column":19}},"6":{"start":{"line":22,"column":4},"end":{"line":26,"column":5}},"7":{"start":{"line":23,"column":6},"end":{"line":23,"column":73}},"8":{"start":{"line":25,"column":6},"end":{"line":25,"column":60}},"9":{"start":{"line":29,"column":35},"end":{"line":29,"column":81}},"10":{"start":{"line":29,"column":75},"end":{"line":29,"column":80}},"11":{"start":{"line":30,"column":38},"end":{"line":30,"column":90}},"12":{"start":{"line":30,"column":83},"end":{"line":30,"column":89}},"13":{"start":{"line":31,"column":4},"end":{"line":31,"column":91}},"14":{"start":{"line":33,"column":38},"end":{"line":33,"column":115}},"15":{"start":{"line":33,"column":63},"end":{"line":33,"column":104}},"16":{"start":{"line":34,"column":30},"end":{"line":34,"column":87}},"17":{"start":{"line":34,"column":53},"end":{"line":34,"column":86}},"18":{"start":{"line":34,"column":70},"end":{"line":34,"column":79}}},"fnMap":{"0":{"name":"(anonymous_0)","decl":{"start":{"line":7,"column":15},"end":{"line":7,"column":16}},"loc":{"start":{"line":7,"column":29},"end":{"line":10,"column":3}},"line":7},"1":{"name":"(anonymous_1)","decl":{"start":{"line":11,"column":18},"end":{"line":11,"column":19}},"loc":{"start":{"line":11,"column":35},"end":{"line":13,"column":3}},"line":11},"2":{"name":"(anonymous_2)","decl":{"start":{"line":14,"column":14},"end":{"line":14,"column":15}},"loc":{"start":{"line":14,"column":20},"end":{"line":20,"column":3}},"line":14},"3":{"name":"(anonymous_3)","decl":{"start":{"line":21,"column":27},"end":{"line":21,"column":28}},"loc":{"start":{"line":21,"column":38},"end":{"line":27,"column":3}},"line":21},"4":{"name":"(anonymous_4)","decl":{"start":{"line":28,"column":23},"end":{"line":28,"column":24}},"loc":{"start":{"line":28,"column":64},"end":{"line":32,"column":3}},"line":28},"5":{"name":"(anonymous_5)","decl":{"start":{"line":29,"column":66},"end":{"line":29,"column":67}},"loc":{"start":{"line":29,"column":75},"end":{"line":29,"column":80}},"line":29},"6":{"name":"(anonymous_6)","decl":{"start":{"line":30,"column":74},"end":{"line":30,"column":75}},"loc":{"start":{"line":30,"column":83},"end":{"line":30,"column":89}},"line":30},"7":{"name":"(anonymous_7)","decl":{"start":{"line":33,"column":24},"end":{"line":33,"column":25}},"loc":{"start":{"line":33,"column":38},"end":{"line":33,"column":115}},"line":33},"8":{"name":"(anonymous_8)","decl":{"start":{"line":33,"column":57},"end":{"line":33,"column":58}},"loc":{"start":{"line":33,"column":63},"end":{"line":33,"column":104}},"line":33},"9":{"name":"(anonymous_9)","decl":{"start":{"line":34,"column":16},"end":{"line":34,"column":17}},"loc":{"start":{"line":34,"column":30},"end":{"line":34,"column":87}},"line":34},"10":{"name":"(anonymous_10)","decl":{"start":{"line":34,"column":42},"end":{"line":34,"column":43}},"loc":{"start":{"line":34,"column":53},"end":{"line":34,"column":86}},"line":34},"11":{"name":"(anonymous_11)","decl":{"start":{"line":34,"column":64},"end":{"line":34,"column":65}},"loc":{"start":{"line":34,"column":70},"end":{"line":34,"column":79}},"line":34}},"branchMap":{"0":{"loc":{"start":{"line":15,"column":4},"end":{"line":19,"column":5}},"type":"if","locations":[{"start":{"line":15,"column":4},"end":{"line":19,"column":5}},{"start":{"line":17,"column":11},"end":{"line":19,"column":5}}],"line":15},"1":{"loc":{"start":{"line":22,"column":4},"end":{"line":26,"column":5}},"type":"if","locations":[{"start":{"line":22,"column":4},"end":{"line":26,"column":5}},{"start":{"line":24,"column":11},"end":{"line":26,"column":5}}],"line":22},"2":{"loc":{"start":{"line":31,"column":11},"end":{"line":31,"column":90}},"type":"cond-expr","locations":[{"start":{"line":31,"column":78},"end":{"line":31,"column":83}},{"start":{"line":31,"column":86},"end":{"line":31,"column":90}}],"line":31},"3":{"loc":{"start":{"line":31,"column":11},"end":{"line":31,"column":75}},"type":"binary-expr","locations":[{"start":{"line":31,"column":11},"end":{"line":31,"column":33}},{"start":{"line":31,"column":37},"end":{"line":31,"column":62}},{"start":{"line":31,"column":66},"end":{"line":31,"column":75}}],"line":31},"4":{"loc":{"start":{"line":33,"column":25},"end":{"line":33,"column":33}},"type":"default-arg","locations":[{"start":{"line":33,"column":31},"end":{"line":33,"column":33}}],"line":33},"5":{"loc":{"start":{"line":34,"column":17},"end":{"line":34,"column":25}},"type":"default-arg","locations":[{"start":{"line":34,"column":24},"end":{"line":34,"column":25}}],"line":34}},"s":{"0":0,"1":0,"2":0,"3":11,"4":0,"5":11,"6":0,"7":0,"8":0,"9":24,"10":28,"11":24,"12":54,"13":24,"14":0,"15":0,"16":0,"17":0,"18":0},"f":{"0":0,"1":0,"2":11,"3":0,"4":24,"5":28,"6":54,"7":0,"8":0,"9":0,"10":0,"11":0},"b":{"0":[0,11],"1":[0,0],"2":[0,24],"3":[24,0,0],"4":[0],"5":[0]},"_coverageSchema":"1a1c01bbd47fc00a2c39e90264f33305004495a9","hash":"528360a37ccaf40d693deb2e31f94c3e74046dc8"}
,"/Users/carloscoello/Documents/github_2025/react-login/src/lib/constants.js": {"path":"/Users/carloscoello/Documents/github_2025/react-login/src/lib/constants.js","statementMap":{"0":{"start":{"line":1,"column":40},"end":{"line":4,"column":1}},"1":{"start":{"line":6,"column":47},"end":{"line":9,"column":1}},"2":{"start":{"line":11,"column":43},"end":{"line":15,"column":1}},"3":{"start":{"line":17,"column":50},"end":{"line":21,"column":1}},"4":{"start":{"line":24,"column":40},"end":{"line":24,"column":62}},"5":{"start":{"line":26,"column":33},"end":{"line":26,"column":73}},"6":{"start":{"line":28,"column":41},"end":{"line":28,"column":101}},"7":{"start":{"line":30,"column":37},"end":{"line":30,"column":44}},"8":{"start":{"line":32,"column":44},"end":{"line":32,"column":92}}},"fnMap":{},"branchMap":{},"s":{"0":2,"1":2,"2":2,"3":2,"4":2,"5":2,"6":2,"7":2,"8":2},"f":{},"b":{},"_coverageSchema":"1a1c01bbd47fc00a2c39e90264f33305004495a9","hash":"6cd94a117c0719a3f69d9ce1f8ca05bdbac0b7ff"}
,"/Users/carloscoello/Documents/github_2025/react-login/src/lib/selectors.js": {"path":"/Users/carloscoello/Documents/github_2025/react-login/src/lib/selectors.js","statementMap":{"0":{"start":{"line":1,"column":25},"end":{"line":1,"column":45}},"1":{"start":{"line":1,"column":34},"end":{"line":1,"column":45}},"2":{"start":{"line":2,"column":27},"end":{"line":2,"column":53}},"3":{"start":{"line":2,"column":36},"end":{"line":2,"column":53}},"4":{"start":{"line":3,"column":30},"end":{"line":3,"column":59}},"5":{"start":{"line":3,"column":39},"end":{"line":3,"column":59}},"6":{"start":{"line":4,"column":28},"end":{"line":4,"column":55}},"7":{"start":{"line":4,"column":37},"end":{"line":4,"column":55}}},"fnMap":{"0":{"name":"(anonymous_0)","decl":{"start":{"line":1,"column":25},"end":{"line":1,"column":26}},"loc":{"start":{"line":1,"column":34},"end":{"line":1,"column":45}},"line":1},"1":{"name":"(anonymous_1)","decl":{"start":{"line":2,"column":27},"end":{"line":2,"column":28}},"loc":{"start":{"line":2,"column":36},"end":{"line":2,"column":53}},"line":2},"2":{"name":"(anonymous_2)","decl":{"start":{"line":3,"column":30},"end":{"line":3,"column":31}},"loc":{"start":{"line":3,"column":39},"end":{"line":3,"column":59}},"line":3},"3":{"name":"(anonymous_3)","decl":{"start":{"line":4,"column":28},"end":{"line":4,"column":29}},"loc":{"start":{"line":4,"column":37},"end":{"line":4,"column":55}},"line":4}},"branchMap":{},"s":{"0":2,"1":6,"2":2,"3":0,"4":2,"5":8,"6":2,"7":0},"f":{"0":6,"1":0,"2":8,"3":0},"b":{},"_coverageSchema":"1a1c01bbd47fc00a2c39e90264f33305004495a9","hash":"dd36667e051742aa49a9ad0813a3dca2946b91bc"}
,"/Users/carloscoello/Documents/github_2025/react-login/src/lib/utils.js": {"path":"/Users/carloscoello/Documents/github_2025/react-login/src/lib/utils.js","statementMap":{"0":{"start":{"line":1,"column":21},"end":{"line":3,"column":3}},"1":{"start":{"line":2,"column":4},"end":{"line":2,"column":75}},"2":{"start":{"line":2,"column":36},"end":{"line":2,"column":73}},"3":{"start":{"line":2,"column":53},"end":{"line":2,"column":68}}},"fnMap":{"0":{"name":"(anonymous_0)","decl":{"start":{"line":1,"column":21},"end":{"line":1,"column":22}},"loc":{"start":{"line":1,"column":51},"end":{"line":3,"column":3}},"line":1},"1":{"name":"(anonymous_1)","decl":{"start":{"line":2,"column":23},"end":{"line":2,"column":24}},"loc":{"start":{"line":2,"column":36},"end":{"line":2,"column":73}},"line":2},"2":{"name":"(anonymous_2)","decl":{"start":{"line":2,"column":47},"end":{"line":2,"column":48}},"loc":{"start":{"line":2,"column":53},"end":{"line":2,"column":68}},"line":2}},"branchMap":{"0":{"loc":{"start":{"line":1,"column":22},"end":{"line":1,"column":35}},"type":"default-arg","locations":[{"start":{"line":1,"column":31},"end":{"line":1,"column":35}}],"line":1},"1":{"loc":{"start":{"line":1,"column":37},"end":{"line":1,"column":46}},"type":"default-arg","locations":[{"start":{"line":1,"column":42},"end":{"line":1,"column":46}}],"line":1}},"s":{"0":3,"1":4,"2":4,"3":4},"f":{"0":4,"1":4,"2":4},"b":{"0":[0],"1":[0]},"_coverageSchema":"1a1c01bbd47fc00a2c39e90264f33305004495a9","hash":"8270c953e21e824895ff68bbe288d56ce321b509"}
,"/Users/carloscoello/Documents/github_2025/react-login/src/pages/HomePage/HomePage.jsx": {"path":"/Users/carloscoello/Documents/github_2025/react-login/src/pages/HomePage/HomePage.jsx","statementMap":{"0":{"start":{"line":7,"column":17},"end":{"line":38,"column":1}},"1":{"start":{"line":8,"column":17},"end":{"line":8,"column":30}},"2":{"start":{"line":11,"column":4},"end":{"line":16,"column":11}},"3":{"start":{"line":12,"column":25},"end":{"line":12,"column":44}},"4":{"start":{"line":13,"column":6},"end":{"line":15,"column":7}},"5":{"start":{"line":14,"column":8},"end":{"line":14,"column":50}},"6":{"start":{"line":18,"column":2},"end":{"line":37,"column":4}}},"fnMap":{"0":{"name":"(anonymous_0)","decl":{"start":{"line":7,"column":17},"end":{"line":7,"column":18}},"loc":{"start":{"line":7,"column":23},"end":{"line":38,"column":1}},"line":7},"1":{"name":"(anonymous_1)","decl":{"start":{"line":11,"column":14},"end":{"line":11,"column":15}},"loc":{"start":{"line":11,"column":20},"end":{"line":16,"column":5}},"line":11}},"branchMap":{"0":{"loc":{"start":{"line":13,"column":6},"end":{"line":15,"column":7}},"type":"if","locations":[{"start":{"line":13,"column":6},"end":{"line":15,"column":7}},{"start":{},"end":{}}],"line":13}},"s":{"0":1,"1":4,"2":4,"3":4,"4":4,"5":0,"6":4},"f":{"0":4,"1":4},"b":{"0":[0,4]},"_coverageSchema":"1a1c01bbd47fc00a2c39e90264f33305004495a9","hash":"13f010f9ca471074a53940e10e9d827fa3318b07"}
,"/Users/carloscoello/Documents/github_2025/react-login/src/pages/Login/Login.jsx": {"path":"/Users/carloscoello/Documents/github_2025/react-login/src/pages/Login/Login.jsx","statementMap":{"0":{"start":{"line":31,"column":14},"end":{"line":174,"column":1}},"1":{"start":{"line":32,"column":36},"end":{"line":32,"column":70}},"2":{"start":{"line":33,"column":48},"end":{"line":35,"column":3}},"3":{"start":{"line":36,"column":34},"end":{"line":36,"column":49}},"4":{"start":{"line":37,"column":50},"end":{"line":37,"column":65}},"5":{"start":{"line":38,"column":41},"end":{"line":38,"column":63}},"6":{"start":{"line":39,"column":19},"end":{"line":39,"column":32}},"7":{"start":{"line":40,"column":19},"end":{"line":40,"column":32}},"8":{"start":{"line":43,"column":2},"end":{"line":48,"column":9}},"9":{"start":{"line":44,"column":23},"end":{"line":44,"column":42}},"10":{"start":{"line":45,"column":4},"end":{"line":47,"column":5}},"11":{"start":{"line":46,"column":6},"end":{"line":46,"column":48}},"12":{"start":{"line":50,"column":2},"end":{"line":64,"column":22}},"13":{"start":{"line":51,"column":4},"end":{"line":63,"column":5}},"14":{"start":{"line":52,"column":6},"end":{"line":54,"column":7}},"15":{"start":{"line":53,"column":8},"end":{"line":53,"column":26}},"16":{"start":{"line":55,"column":6},"end":{"line":58,"column":7}},"17":{"start":{"line":56,"column":8},"end":{"line":56,"column":27}},"18":{"start":{"line":57,"column":8},"end":{"line":57,"column":34}},"19":{"start":{"line":59,"column":7},"end":{"line":62,"column":16}},"20":{"start":{"line":60,"column":10},"end":{"line":60,"column":37}},"21":{"start":{"line":61,"column":10},"end":{"line":61,"column":47}},"22":{"start":{"line":66,"column":26},"end":{"line":74,"column":3}},"23":{"start":{"line":67,"column":4},"end":{"line":67,"column":23}},"24":{"start":{"line":68,"column":4},"end":{"line":68,"column":30}},"25":{"start":{"line":69,"column":4},"end":{"line":69,"column":43}},"26":{"start":{"line":70,"column":4},"end":{"line":70,"column":56}},"27":{"start":{"line":71,"column":4},"end":{"line":73,"column":12}},"28":{"start":{"line":72,"column":6},"end":{"line":72,"column":48}},"29":{"start":{"line":77,"column":28},"end":{"line":99,"column":3}},"30":{"start":{"line":78,"column":28},"end":{"line":78,"column":36}},"31":{"start":{"line":79,"column":4},"end":{"line":98,"column":5}},"32":{"start":{"line":82,"column":10},"end":{"line":84,"column":16}},"33":{"start":{"line":85,"column":8},"end":{"line":85,"column":54}},"34":{"start":{"line":86,"column":8},"end":{"line":86,"column":63}},"35":{"start":{"line":87,"column":8},"end":{"line":87,"column":14}},"36":{"start":{"line":90,"column":10},"end":{"line":92,"column":16}},"37":{"start":{"line":93,"column":8},"end":{"line":93,"column":54}},"38":{"start":{"line":94,"column":8},"end":{"line":94,"column":66}},"39":{"start":{"line":95,"column":8},"end":{"line":95,"column":14}},"40":{"start":{"line":97,"column":8},"end":{"line":97,"column":14}},"41":{"start":{"line":102,"column":27},"end":{"line":107,"column":3}},"42":{"start":{"line":103,"column":4},"end":{"line":103,"column":23}},"43":{"start":{"line":104,"column":32},"end":{"line":104,"column":41}},"44":{"start":{"line":105,"column":4},"end":{"line":105,"column":22}},"45":{"start":{"line":106,"column":4},"end":{"line":106,"column":47}},"46":{"start":{"line":109,"column":2},"end":{"line":173,"column":4}}},"fnMap":{"0":{"name":"(anonymous_0)","decl":{"start":{"line":31,"column":14},"end":{"line":31,"column":15}},"loc":{"start":{"line":31,"column":20},"end":{"line":174,"column":1}},"line":31},"1":{"name":"(anonymous_1)","decl":{"start":{"line":43,"column":12},"end":{"line":43,"column":13}},"loc":{"start":{"line":43,"column":18},"end":{"line":48,"column":3}},"line":43},"2":{"name":"(anonymous_2)","decl":{"start":{"line":50,"column":12},"end":{"line":50,"column":13}},"loc":{"start":{"line":50,"column":18},"end":{"line":64,"column":3}},"line":50},"3":{"name":"(anonymous_3)","decl":{"start":{"line":59,"column":18},"end":{"line":59,"column":19}},"loc":{"start":{"line":59,"column":24},"end":{"line":62,"column":9}},"line":59},"4":{"name":"(anonymous_4)","decl":{"start":{"line":66,"column":26},"end":{"line":66,"column":27}},"loc":{"start":{"line":66,"column":32},"end":{"line":74,"column":3}},"line":66},"5":{"name":"(anonymous_5)","decl":{"start":{"line":71,"column":15},"end":{"line":71,"column":16}},"loc":{"start":{"line":71,"column":21},"end":{"line":73,"column":5}},"line":71},"6":{"name":"(anonymous_6)","decl":{"start":{"line":77,"column":28},"end":{"line":77,"column":29}},"loc":{"start":{"line":77,"column":35},"end":{"line":99,"column":3}},"line":77},"7":{"name":"(anonymous_7)","decl":{"start":{"line":102,"column":27},"end":{"line":102,"column":28}},"loc":{"start":{"line":102,"column":34},"end":{"line":107,"column":3}},"line":102}},"branchMap":{"0":{"loc":{"start":{"line":45,"column":4},"end":{"line":47,"column":5}},"type":"if","locations":[{"start":{"line":45,"column":4},"end":{"line":47,"column":5}},{"start":{},"end":{}}],"line":45},"1":{"loc":{"start":{"line":51,"column":4},"end":{"line":63,"column":5}},"type":"if","locations":[{"start":{"line":51,"column":4},"end":{"line":63,"column":5}},{"start":{},"end":{}}],"line":51},"2":{"loc":{"start":{"line":52,"column":6},"end":{"line":54,"column":7}},"type":"if","locations":[{"start":{"line":52,"column":6},"end":{"line":54,"column":7}},{"start":{},"end":{}}],"line":52},"3":{"loc":{"start":{"line":55,"column":6},"end":{"line":58,"column":7}},"type":"if","locations":[{"start":{"line":55,"column":6},"end":{"line":58,"column":7}},{"start":{},"end":{}}],"line":55},"4":{"loc":{"start":{"line":79,"column":4},"end":{"line":98,"column":5}},"type":"switch","locations":[{"start":{"line":80,"column":6},"end":{"line":87,"column":14}},{"start":{"line":88,"column":6},"end":{"line":95,"column":14}},{"start":{"line":96,"column":6},"end":{"line":97,"column":14}}],"line":79},"5":{"loc":{"start":{"line":82,"column":10},"end":{"line":84,"column":16}},"type":"cond-expr","locations":[{"start":{"line":83,"column":14},"end":{"line":83,"column":39}},{"start":{"line":84,"column":14},"end":{"line":84,"column":16}}],"line":82},"6":{"loc":{"start":{"line":82,"column":10},"end":{"line":82,"column":56}},"type":"binary-expr","locations":[{"start":{"line":82,"column":10},"end":{"line":82,"column":22}},{"start":{"line":82,"column":26},"end":{"line":82,"column":56}}],"line":82},"7":{"loc":{"start":{"line":90,"column":10},"end":{"line":92,"column":16}},"type":"cond-expr","locations":[{"start":{"line":91,"column":14},"end":{"line":91,"column":42}},{"start":{"line":92,"column":14},"end":{"line":92,"column":16}}],"line":90},"8":{"loc":{"start":{"line":90,"column":10},"end":{"line":90,"column":59}},"type":"binary-expr","locations":[{"start":{"line":90,"column":10},"end":{"line":90,"column":22}},{"start":{"line":90,"column":26},"end":{"line":90,"column":59}}],"line":90},"9":{"loc":{"start":{"line":156,"column":39},"end":{"line":156,"column":110}},"type":"cond-expr","locations":[{"start":{"line":156,"column":50},"end":{"line":156,"column":97}},{"start":{"line":156,"column":100},"end":{"line":156,"column":110}}],"line":156},"10":{"loc":{"start":{"line":157,"column":31},"end":{"line":161,"column":40}},"type":"binary-expr","locations":[{"start":{"line":157,"column":31},"end":{"line":161,"column":17}},{"start":{"line":161,"column":21},"end":{"line":161,"column":40}}],"line":157},"11":{"loc":{"start":{"line":162,"column":26},"end":{"line":166,"column":40}},"type":"binary-expr","locations":[{"start":{"line":162,"column":26},"end":{"line":166,"column":17}},{"start":{"line":166,"column":21},"end":{"line":166,"column":40}}],"line":162},"12":{"loc":{"start":{"line":167,"column":13},"end":{"line":167,"column":53}},"type":"cond-expr","locations":[{"start":{"line":167,"column":24},"end":{"line":167,"column":43}},{"start":{"line":167,"column":46},"end":{"line":167,"column":53}}],"line":167}},"s":{"0":1,"1":5,"2":5,"3":5,"4":5,"5":5,"6":5,"7":5,"8":5,"9":3,"10":3,"11":0,"12":5,"13":3,"14":0,"15":0,"16":0,"17":0,"18":0,"19":0,"20":0,"21":0,"22":5,"23":0,"24":0,"25":0,"26":0,"27":0,"28":0,"29":5,"30":2,"31":2,"32":1,"33":1,"34":1,"35":1,"36":1,"37":1,"38":1,"39":1,"40":0,"41":5,"42":0,"43":0,"44":0,"45":0,"46":5},"f":{"0":5,"1":3,"2":3,"3":0,"4":0,"5":0,"6":2,"7":0},"b":{"0":[0,3],"1":[0,3],"2":[0,0],"3":[0,0],"4":[1,1,0],"5":[1,0],"6":[1,1],"7":[1,0],"8":[1,1],"9":[0,5],"10":[5,0],"11":[5,0],"12":[0,5]},"_coverageSchema":"1a1c01bbd47fc00a2c39e90264f33305004495a9","hash":"3ef21c1e4c042baebcba0eff32e1486baa0bee35"}
,"/Users/carloscoello/Documents/github_2025/react-login/src/pages/Register/Register.jsx": {"path":"/Users/carloscoello/Documents/github_2025/react-login/src/pages/Register/Register.jsx","statementMap":{"0":{"start":{"line":30,"column":17},"end":{"line":193,"column":1}},"1":{"start":{"line":31,"column":19},"end":{"line":31,"column":46}},"2":{"start":{"line":32,"column":42},"end":{"line":32,"column":79}},"3":{"start":{"line":33,"column":54},"end":{"line":33,"column":98}},"4":{"start":{"line":34,"column":19},"end":{"line":34,"column":32}},"5":{"start":{"line":35,"column":19},"end":{"line":35,"column":32}},"6":{"start":{"line":36,"column":34},"end":{"line":36,"column":49}},"7":{"start":{"line":37,"column":50},"end":{"line":37,"column":65}},"8":{"start":{"line":39,"column":2},"end":{"line":44,"column":9}},"9":{"start":{"line":40,"column":23},"end":{"line":40,"column":42}},"10":{"start":{"line":41,"column":4},"end":{"line":43,"column":5}},"11":{"start":{"line":42,"column":6},"end":{"line":42,"column":48}},"12":{"start":{"line":46,"column":2},"end":{"line":59,"column":25}},"13":{"start":{"line":47,"column":4},"end":{"line":58,"column":5}},"14":{"start":{"line":48,"column":6},"end":{"line":50,"column":7}},"15":{"start":{"line":49,"column":8},"end":{"line":49,"column":30}},"16":{"start":{"line":51,"column":6},"end":{"line":54,"column":7}},"17":{"start":{"line":52,"column":8},"end":{"line":52,"column":27}},"18":{"start":{"line":53,"column":8},"end":{"line":53,"column":34}},"19":{"start":{"line":55,"column":6},"end":{"line":57,"column":16}},"20":{"start":{"line":56,"column":10},"end":{"line":56,"column":37}},"21":{"start":{"line":62,"column":30},"end":{"line":70,"column":3}},"22":{"start":{"line":63,"column":4},"end":{"line":63,"column":23}},"23":{"start":{"line":64,"column":4},"end":{"line":64,"column":30}},"24":{"start":{"line":65,"column":4},"end":{"line":65,"column":49}},"25":{"start":{"line":66,"column":4},"end":{"line":66,"column":62}},"26":{"start":{"line":67,"column":4},"end":{"line":69,"column":12}},"27":{"start":{"line":68,"column":6},"end":{"line":68,"column":25}},"28":{"start":{"line":73,"column":28},"end":{"line":100,"column":3}},"29":{"start":{"line":74,"column":28},"end":{"line":74,"column":36}},"30":{"start":{"line":75,"column":4},"end":{"line":99,"column":5}},"31":{"start":{"line":77,"column":24},"end":{"line":77,"column":88}},"32":{"start":{"line":78,"column":8},"end":{"line":78,"column":60}},"33":{"start":{"line":79,"column":8},"end":{"line":79,"column":68}},"34":{"start":{"line":80,"column":8},"end":{"line":80,"column":14}},"35":{"start":{"line":83,"column":10},"end":{"line":85,"column":16}},"36":{"start":{"line":86,"column":8},"end":{"line":86,"column":60}},"37":{"start":{"line":87,"column":8},"end":{"line":87,"column":69}},"38":{"start":{"line":88,"column":8},"end":{"line":88,"column":14}},"39":{"start":{"line":91,"column":10},"end":{"line":93,"column":16}},"40":{"start":{"line":94,"column":8},"end":{"line":94,"column":60}},"41":{"start":{"line":95,"column":8},"end":{"line":95,"column":72}},"42":{"start":{"line":96,"column":8},"end":{"line":96,"column":14}},"43":{"start":{"line":98,"column":8},"end":{"line":98,"column":14}},"44":{"start":{"line":103,"column":27},"end":{"line":108,"column":3}},"45":{"start":{"line":104,"column":4},"end":{"line":104,"column":23}},"46":{"start":{"line":105,"column":38},"end":{"line":105,"column":50}},"47":{"start":{"line":106,"column":4},"end":{"line":106,"column":22}},"48":{"start":{"line":107,"column":4},"end":{"line":107,"column":56}},"49":{"start":{"line":110,"column":2},"end":{"line":192,"column":4}}},"fnMap":{"0":{"name":"(anonymous_0)","decl":{"start":{"line":30,"column":17},"end":{"line":30,"column":18}},"loc":{"start":{"line":30,"column":23},"end":{"line":193,"column":1}},"line":30},"1":{"name":"(anonymous_1)","decl":{"start":{"line":39,"column":12},"end":{"line":39,"column":13}},"loc":{"start":{"line":39,"column":18},"end":{"line":44,"column":3}},"line":39},"2":{"name":"(anonymous_2)","decl":{"start":{"line":46,"column":12},"end":{"line":46,"column":13}},"loc":{"start":{"line":46,"column":18},"end":{"line":59,"column":3}},"line":46},"3":{"name":"(anonymous_3)","decl":{"start":{"line":55,"column":17},"end":{"line":55,"column":18}},"loc":{"start":{"line":55,"column":23},"end":{"line":57,"column":9}},"line":55},"4":{"name":"(anonymous_4)","decl":{"start":{"line":62,"column":30},"end":{"line":62,"column":31}},"loc":{"start":{"line":62,"column":36},"end":{"line":70,"column":3}},"line":62},"5":{"name":"(anonymous_5)","decl":{"start":{"line":67,"column":15},"end":{"line":67,"column":16}},"loc":{"start":{"line":67,"column":21},"end":{"line":69,"column":5}},"line":67},"6":{"name":"(anonymous_6)","decl":{"start":{"line":73,"column":28},"end":{"line":73,"column":29}},"loc":{"start":{"line":73,"column":35},"end":{"line":100,"column":3}},"line":73},"7":{"name":"(anonymous_7)","decl":{"start":{"line":103,"column":27},"end":{"line":103,"column":28}},"loc":{"start":{"line":103,"column":34},"end":{"line":108,"column":3}},"line":103}},"branchMap":{"0":{"loc":{"start":{"line":41,"column":4},"end":{"line":43,"column":5}},"type":"if","locations":[{"start":{"line":41,"column":4},"end":{"line":43,"column":5}},{"start":{},"end":{}}],"line":41},"1":{"loc":{"start":{"line":47,"column":4},"end":{"line":58,"column":5}},"type":"if","locations":[{"start":{"line":47,"column":4},"end":{"line":58,"column":5}},{"start":{},"end":{}}],"line":47},"2":{"loc":{"start":{"line":48,"column":6},"end":{"line":50,"column":7}},"type":"if","locations":[{"start":{"line":48,"column":6},"end":{"line":50,"column":7}},{"start":{},"end":{}}],"line":48},"3":{"loc":{"start":{"line":51,"column":6},"end":{"line":54,"column":7}},"type":"if","locations":[{"start":{"line":51,"column":6},"end":{"line":54,"column":7}},{"start":{},"end":{}}],"line":51},"4":{"loc":{"start":{"line":75,"column":4},"end":{"line":99,"column":5}},"type":"switch","locations":[{"start":{"line":76,"column":6},"end":{"line":80,"column":14}},{"start":{"line":81,"column":6},"end":{"line":88,"column":14}},{"start":{"line":89,"column":6},"end":{"line":96,"column":14}},{"start":{"line":97,"column":6},"end":{"line":98,"column":14}}],"line":75},"5":{"loc":{"start":{"line":77,"column":24},"end":{"line":77,"column":88}},"type":"cond-expr","locations":[{"start":{"line":77,"column":59},"end":{"line":77,"column":83}},{"start":{"line":77,"column":86},"end":{"line":77,"column":88}}],"line":77},"6":{"loc":{"start":{"line":77,"column":24},"end":{"line":77,"column":56}},"type":"binary-expr","locations":[{"start":{"line":77,"column":24},"end":{"line":77,"column":36}},{"start":{"line":77,"column":40},"end":{"line":77,"column":56}}],"line":77},"7":{"loc":{"start":{"line":83,"column":10},"end":{"line":85,"column":16}},"type":"cond-expr","locations":[{"start":{"line":84,"column":14},"end":{"line":84,"column":39}},{"start":{"line":85,"column":14},"end":{"line":85,"column":16}}],"line":83},"8":{"loc":{"start":{"line":83,"column":10},"end":{"line":83,"column":56}},"type":"binary-expr","locations":[{"start":{"line":83,"column":10},"end":{"line":83,"column":22}},{"start":{"line":83,"column":26},"end":{"line":83,"column":56}}],"line":83},"9":{"loc":{"start":{"line":91,"column":10},"end":{"line":93,"column":16}},"type":"cond-expr","locations":[{"start":{"line":92,"column":14},"end":{"line":92,"column":42}},{"start":{"line":93,"column":14},"end":{"line":93,"column":16}}],"line":91},"10":{"loc":{"start":{"line":91,"column":10},"end":{"line":91,"column":59}},"type":"binary-expr","locations":[{"start":{"line":91,"column":10},"end":{"line":91,"column":22}},{"start":{"line":91,"column":26},"end":{"line":91,"column":59}}],"line":91},"11":{"loc":{"start":{"line":174,"column":37},"end":{"line":174,"column":108}},"type":"cond-expr","locations":[{"start":{"line":174,"column":48},"end":{"line":174,"column":95}},{"start":{"line":174,"column":98},"end":{"line":174,"column":108}}],"line":174},"12":{"loc":{"start":{"line":186,"column":15},"end":{"line":186,"column":55}},"type":"cond-expr","locations":[{"start":{"line":186,"column":26},"end":{"line":186,"column":42}},{"start":{"line":186,"column":45},"end":{"line":186,"column":55}}],"line":186}},"s":{"0":1,"1":7,"2":7,"3":7,"4":7,"5":7,"6":7,"7":7,"8":7,"9":4,"10":4,"11":0,"12":7,"13":4,"14":0,"15":0,"16":0,"17":0,"18":0,"19":0,"20":0,"21":7,"22":0,"23":0,"24":0,"25":0,"26":0,"27":0,"28":7,"29":3,"30":3,"31":1,"32":1,"33":1,"34":1,"35":1,"36":1,"37":1,"38":1,"39":1,"40":1,"41":1,"42":1,"43":0,"44":7,"45":0,"46":0,"47":0,"48":0,"49":7},"f":{"0":7,"1":4,"2":4,"3":0,"4":0,"5":0,"6":3,"7":0},"b":{"0":[0,4],"1":[0,4],"2":[0,0],"3":[0,0],"4":[1,1,1,0],"5":[1,0],"6":[1,1],"7":[1,0],"8":[1,1],"9":[1,0],"10":[1,1],"11":[0,7],"12":[0,7]},"_coverageSchema":"1a1c01bbd47fc00a2c39e90264f33305004495a9","hash":"b282746ba97fef0a06c02d217c56bbf147b9b0e6"}
,"/Users/carloscoello/Documents/github_2025/react-login/src/reducers/store.js": {"path":"/Users/carloscoello/Documents/github_2025/react-login/src/reducers/store.js","statementMap":{"0":{"start":{"line":6,"column":22},"end":{"line":9,"column":1}},"1":{"start":{"line":11,"column":25},"end":{"line":11,"column":67}},"2":{"start":{"line":13,"column":15},"end":{"line":23,"column":2}},"3":{"start":{"line":18,"column":4},"end":{"line":22,"column":6}},"4":{"start":{"line":25,"column":18},"end":{"line":25,"column":37}}},"fnMap":{"0":{"name":"(anonymous_0)","decl":{"start":{"line":17,"column":14},"end":{"line":17,"column":15}},"loc":{"start":{"line":18,"column":4},"end":{"line":22,"column":6}},"line":18}},"branchMap":{},"s":{"0":2,"1":2,"2":2,"3":2,"4":2},"f":{"0":2},"b":{},"_coverageSchema":"1a1c01bbd47fc00a2c39e90264f33305004495a9","hash":"fc84d8856bd454e37029e63b0f451269e71d6c62"}
,"/Users/carloscoello/Documents/github_2025/react-login/src/reducers/user/userReducer.js": {"path":"/Users/carloscoello/Documents/github_2025/react-login/src/reducers/user/userReducer.js","statementMap":{"0":{"start":{"line":3,"column":25},"end":{"line":51,"column":2}},"1":{"start":{"line":17,"column":6},"end":{"line":17,"column":39}},"2":{"start":{"line":18,"column":6},"end":{"line":18,"column":76}},"3":{"start":{"line":21,"column":6},"end":{"line":21,"column":40}},"4":{"start":{"line":22,"column":6},"end":{"line":22,"column":76}},"5":{"start":{"line":25,"column":6},"end":{"line":25,"column":82}},"6":{"start":{"line":28,"column":6},"end":{"line":28,"column":82}},"7":{"start":{"line":31,"column":6},"end":{"line":31,"column":36}},"8":{"start":{"line":34,"column":6},"end":{"line":38,"column":8}},"9":{"start":{"line":41,"column":6},"end":{"line":41,"column":40}},"10":{"start":{"line":42,"column":6},"end":{"line":42,"column":35}},"11":{"start":{"line":43,"column":6},"end":{"line":43,"column":38}},"12":{"start":{"line":44,"column":6},"end":{"line":44,"column":24}},"13":{"start":{"line":47,"column":6},"end":{"line":47,"column":35}},"14":{"start":{"line":48,"column":6},"end":{"line":48,"column":38}},"15":{"start":{"line":62,"column":4},"end":{"line":62,"column":21}}},"fnMap":{"0":{"name":"(anonymous_0)","decl":{"start":{"line":16,"column":15},"end":{"line":16,"column":16}},"loc":{"start":{"line":16,"column":34},"end":{"line":19,"column":5}},"line":16},"1":{"name":"(anonymous_1)","decl":{"start":{"line":20,"column":20},"end":{"line":20,"column":21}},"loc":{"start":{"line":20,"column":39},"end":{"line":23,"column":5}},"line":20},"2":{"name":"(anonymous_2)","decl":{"start":{"line":24,"column":18},"end":{"line":24,"column":19}},"loc":{"start":{"line":24,"column":37},"end":{"line":26,"column":5}},"line":24},"3":{"name":"(anonymous_3)","decl":{"start":{"line":27,"column":23},"end":{"line":27,"column":24}},"loc":{"start":{"line":27,"column":42},"end":{"line":29,"column":5}},"line":27},"4":{"name":"(anonymous_4)","decl":{"start":{"line":30,"column":15},"end":{"line":30,"column":16}},"loc":{"start":{"line":30,"column":34},"end":{"line":32,"column":5}},"line":30},"5":{"name":"(anonymous_5)","decl":{"start":{"line":33,"column":20},"end":{"line":33,"column":21}},"loc":{"start":{"line":33,"column":31},"end":{"line":39,"column":5}},"line":33},"6":{"name":"(anonymous_6)","decl":{"start":{"line":40,"column":16},"end":{"line":40,"column":17}},"loc":{"start":{"line":40,"column":27},"end":{"line":45,"column":5}},"line":40},"7":{"name":"(anonymous_7)","decl":{"start":{"line":46,"column":30},"end":{"line":46,"column":31}},"loc":{"start":{"line":46,"column":41},"end":{"line":49,"column":5}},"line":46}},"branchMap":{},"s":{"0":4,"1":1,"2":1,"3":1,"4":1,"5":1,"6":1,"7":1,"8":1,"9":1,"10":1,"11":1,"12":1,"13":1,"14":1,"15":4},"f":{"0":1,"1":1,"2":1,"3":1,"4":1,"5":1,"6":1,"7":1},"b":{},"_coverageSchema":"1a1c01bbd47fc00a2c39e90264f33305004495a9","hash":"1fe47e30a66b28d3013652dc38034a2008c47cf8"}
}
