TN:
SF:src/actions/userActions.js
FN:23,(anonymous_0)
FN:23,(anonymous_1)
FN:42,(anonymous_2)
FN:42,(anonymous_3)
FN:55,(anonymous_4)
FN:55,(anonymous_5)
FN:74,(anonymous_6)
FN:74,(anonymous_7)
FN:83,(anonymous_8)
FN:83,(anonymous_9)
FNF:10
FNH:10
FNDA:2,(anonymous_0)
FNDA:2,(anonymous_1)
FNDA:1,(anonymous_2)
FNDA:1,(anonymous_3)
FNDA:2,(anonymous_4)
FNDA:2,(anonymous_5)
FNDA:2,(anonymous_6)
FNDA:2,(anonymous_7)
FNDA:1,(anonymous_8)
FNDA:1,(anonymous_9)
DA:23,3
DA:24,2
DA:25,2
DA:26,2
DA:30,1
DA:31,1
DA:32,1
DA:33,1
DA:34,1
DA:35,1
DA:37,1
DA:42,3
DA:43,1
DA:44,1
DA:45,1
DA:55,3
DA:56,2
DA:57,2
DA:58,2
DA:63,1
DA:65,1
DA:66,1
DA:74,3
DA:75,2
DA:76,2
DA:77,1
DA:79,1
DA:83,3
DA:84,1
LF:29
LH:29
BRF:0
BRH:0
end_of_record
TN:
SF:src/components/Alert/AlertMessage.jsx
FN:1,(anonymous_0)
FNF:1
FNH:1
FNDA:12,(anonymous_0)
DA:1,2
DA:2,12
DA:4,0
DA:5,0
DA:6,0
DA:8,0
LF:6
LH:2
BRDA:2,0,0,12
BRDA:2,0,1,0
BRDA:5,1,0,0
BRDA:5,1,1,0
BRDA:6,2,0,0
BRDA:6,2,1,0
BRF:6
BRH:1
end_of_record
TN:
SF:src/components/Button/Button.jsx
FN:1,(anonymous_0)
FNF:1
FNH:1
FNDA:12,(anonymous_0)
DA:1,2
DA:2,12
LF:2
LH:2
BRF:0
BRH:0
end_of_record
TN:
SF:src/components/Form/Form.jsx
FN:1,(anonymous_0)
FNF:1
FNH:1
FNDA:12,(anonymous_0)
DA:1,2
DA:2,12
LF:2
LH:2
BRF:0
BRH:0
end_of_record
TN:
SF:src/components/Input/Input.jsx
FN:2,(anonymous_0)
FNF:1
FNH:1
FNDA:31,(anonymous_0)
DA:2,2
DA:13,31
LF:2
LH:2
BRDA:24,0,0,5
BRDA:24,0,1,26
BRF:2
BRH:2
end_of_record
TN:
SF:src/components/Label/Label.jsx
FN:2,(anonymous_0)
FNF:1
FNH:1
FNDA:31,(anonymous_0)
DA:2,2
DA:3,31
LF:2
LH:2
BRF:0
BRH:0
end_of_record
TN:
SF:src/components/PageHeader/PageHeader.jsx
FN:1,(anonymous_0)
FNF:1
FNH:1
FNDA:16,(anonymous_0)
DA:1,3
DA:2,16
LF:2
LH:2
BRF:0
BRH:0
end_of_record
TN:
SF:src/lib/common.js
FN:7,(anonymous_0)
FN:11,(anonymous_1)
FN:14,(anonymous_2)
FN:21,(anonymous_3)
FN:28,(anonymous_4)
FN:29,(anonymous_5)
FN:30,(anonymous_6)
FN:33,(anonymous_7)
FN:33,(anonymous_8)
FN:34,(anonymous_9)
FN:34,(anonymous_10)
FN:34,(anonymous_11)
FNF:12
FNH:4
FNDA:0,(anonymous_0)
FNDA:0,(anonymous_1)
FNDA:11,(anonymous_2)
FNDA:0,(anonymous_3)
FNDA:24,(anonymous_4)
FNDA:28,(anonymous_5)
FNDA:54,(anonymous_6)
FNDA:0,(anonymous_7)
FNDA:0,(anonymous_8)
FNDA:0,(anonymous_9)
FNDA:0,(anonymous_10)
FNDA:0,(anonymous_11)
DA:8,0
DA:9,0
DA:12,0
DA:15,11
DA:16,0
DA:18,11
DA:22,0
DA:23,0
DA:25,0
DA:29,28
DA:30,54
DA:31,24
DA:33,0
DA:34,0
LF:14
LH:5
BRDA:15,0,0,0
BRDA:15,0,1,11
BRDA:22,1,0,0
BRDA:22,1,1,0
BRDA:31,2,0,0
BRDA:31,2,1,24
BRDA:31,3,0,24
BRDA:31,3,1,0
BRDA:31,3,2,0
BRDA:33,4,0,0
BRDA:34,5,0,0
BRF:11
BRH:3
end_of_record
TN:
SF:src/lib/constants.js
FNF:0
FNH:0
DA:1,2
DA:6,2
DA:11,2
DA:17,2
DA:24,2
DA:26,2
DA:28,2
DA:30,2
DA:32,2
LF:9
LH:9
BRF:0
BRH:0
end_of_record
TN:
SF:src/lib/selectors.js
FN:1,(anonymous_0)
FN:2,(anonymous_1)
FN:3,(anonymous_2)
FN:4,(anonymous_3)
FNF:4
FNH:2
FNDA:6,(anonymous_0)
FNDA:0,(anonymous_1)
FNDA:8,(anonymous_2)
FNDA:0,(anonymous_3)
DA:1,6
DA:2,2
DA:3,8
DA:4,2
LF:4
LH:4
BRF:0
BRH:0
end_of_record
TN:
SF:src/lib/utils.js
FN:1,(anonymous_0)
FN:2,(anonymous_1)
FN:2,(anonymous_2)
FNF:3
FNH:3
FNDA:4,(anonymous_0)
FNDA:4,(anonymous_1)
FNDA:4,(anonymous_2)
DA:1,3
DA:2,4
LF:2
LH:2
BRDA:1,0,0,0
BRDA:1,1,0,0
BRF:2
BRH:0
end_of_record
TN:
SF:src/pages/HomePage/HomePage.jsx
FN:7,(anonymous_0)
FN:11,(anonymous_1)
FNF:2
FNH:2
FNDA:4,(anonymous_0)
FNDA:4,(anonymous_1)
DA:7,1
DA:8,4
DA:11,4
DA:12,4
DA:13,4
DA:14,0
DA:18,4
LF:7
LH:6
BRDA:13,0,0,0
BRDA:13,0,1,4
BRF:2
BRH:1
end_of_record
TN:
SF:src/pages/Login/Login.jsx
FN:31,(anonymous_0)
FN:43,(anonymous_1)
FN:50,(anonymous_2)
FN:59,(anonymous_3)
FN:66,(anonymous_4)
FN:71,(anonymous_5)
FN:77,(anonymous_6)
FN:102,(anonymous_7)
FNF:8
FNH:4
FNDA:5,(anonymous_0)
FNDA:3,(anonymous_1)
FNDA:3,(anonymous_2)
FNDA:0,(anonymous_3)
FNDA:0,(anonymous_4)
FNDA:0,(anonymous_5)
FNDA:2,(anonymous_6)
FNDA:0,(anonymous_7)
DA:31,1
DA:32,5
DA:33,5
DA:36,5
DA:37,5
DA:38,5
DA:39,5
DA:40,5
DA:43,5
DA:44,3
DA:45,3
DA:46,0
DA:50,5
DA:51,3
DA:52,0
DA:53,0
DA:55,0
DA:56,0
DA:57,0
DA:59,0
DA:60,0
DA:61,0
DA:66,5
DA:67,0
DA:68,0
DA:69,0
DA:70,0
DA:71,0
DA:72,0
DA:77,5
DA:78,2
DA:79,2
DA:82,1
DA:85,1
DA:86,1
DA:87,1
DA:90,1
DA:93,1
DA:94,1
DA:95,1
DA:97,0
DA:102,5
DA:103,0
DA:104,0
DA:105,0
DA:106,0
DA:109,5
LF:47
LH:27
BRDA:45,0,0,0
BRDA:45,0,1,3
BRDA:51,1,0,0
BRDA:51,1,1,3
BRDA:52,2,0,0
BRDA:52,2,1,0
BRDA:55,3,0,0
BRDA:55,3,1,0
BRDA:79,4,0,1
BRDA:79,4,1,1
BRDA:79,4,2,0
BRDA:82,5,0,1
BRDA:82,5,1,0
BRDA:82,6,0,1
BRDA:82,6,1,1
BRDA:90,7,0,1
BRDA:90,7,1,0
BRDA:90,8,0,1
BRDA:90,8,1,1
BRDA:156,9,0,0
BRDA:156,9,1,5
BRDA:157,10,0,5
BRDA:157,10,1,0
BRDA:162,11,0,5
BRDA:162,11,1,0
BRDA:167,12,0,0
BRDA:167,12,1,5
BRF:27
BRH:14
end_of_record
TN:
SF:src/pages/Register/Register.jsx
FN:30,(anonymous_0)
FN:39,(anonymous_1)
FN:46,(anonymous_2)
FN:55,(anonymous_3)
FN:62,(anonymous_4)
FN:67,(anonymous_5)
FN:73,(anonymous_6)
FN:103,(anonymous_7)
FNF:8
FNH:4
FNDA:7,(anonymous_0)
FNDA:4,(anonymous_1)
FNDA:4,(anonymous_2)
FNDA:0,(anonymous_3)
FNDA:0,(anonymous_4)
FNDA:0,(anonymous_5)
FNDA:3,(anonymous_6)
FNDA:0,(anonymous_7)
DA:30,1
DA:31,7
DA:32,7
DA:33,7
DA:34,7
DA:35,7
DA:36,7
DA:37,7
DA:39,7
DA:40,4
DA:41,4
DA:42,0
DA:46,7
DA:47,4
DA:48,0
DA:49,0
DA:51,0
DA:52,0
DA:53,0
DA:55,0
DA:56,0
DA:62,7
DA:63,0
DA:64,0
DA:65,0
DA:66,0
DA:67,0
DA:68,0
DA:73,7
DA:74,3
DA:75,3
DA:77,1
DA:78,1
DA:79,1
DA:80,1
DA:83,1
DA:86,1
DA:87,1
DA:88,1
DA:91,1
DA:94,1
DA:95,1
DA:96,1
DA:98,0
DA:103,7
DA:104,0
DA:105,0
DA:106,0
DA:107,0
DA:110,7
LF:50
LH:31
BRDA:41,0,0,0
BRDA:41,0,1,4
BRDA:47,1,0,0
BRDA:47,1,1,4
BRDA:48,2,0,0
BRDA:48,2,1,0
BRDA:51,3,0,0
BRDA:51,3,1,0
BRDA:75,4,0,1
BRDA:75,4,1,1
BRDA:75,4,2,1
BRDA:75,4,3,0
BRDA:77,5,0,1
BRDA:77,5,1,0
BRDA:77,6,0,1
BRDA:77,6,1,1
BRDA:83,7,0,1
BRDA:83,7,1,0
BRDA:83,8,0,1
BRDA:83,8,1,1
BRDA:91,9,0,1
BRDA:91,9,1,0
BRDA:91,10,0,1
BRDA:91,10,1,1
BRDA:174,11,0,0
BRDA:174,11,1,7
BRDA:186,12,0,0
BRDA:186,12,1,7
BRF:28
BRH:16
end_of_record
TN:
SF:src/reducers/store.js
FN:17,(anonymous_0)
FNF:1
FNH:1
FNDA:2,(anonymous_0)
DA:6,2
DA:11,2
DA:13,2
DA:18,2
DA:25,2
LF:5
LH:5
BRF:0
BRH:0
end_of_record
TN:
SF:src/reducers/user/userReducer.js
FN:16,(anonymous_0)
FN:20,(anonymous_1)
FN:24,(anonymous_2)
FN:27,(anonymous_3)
FN:30,(anonymous_4)
FN:33,(anonymous_5)
FN:40,(anonymous_6)
FN:46,(anonymous_7)
FNF:8
FNH:8
FNDA:1,(anonymous_0)
FNDA:1,(anonymous_1)
FNDA:1,(anonymous_2)
FNDA:1,(anonymous_3)
FNDA:1,(anonymous_4)
FNDA:1,(anonymous_5)
FNDA:1,(anonymous_6)
FNDA:1,(anonymous_7)
DA:3,4
DA:17,1
DA:18,1
DA:21,1
DA:22,1
DA:25,1
DA:28,1
DA:31,1
DA:34,1
DA:41,1
DA:42,1
DA:43,1
DA:44,1
DA:47,1
DA:48,1
DA:62,4
LF:16
LH:16
BRF:0
BRH:0
end_of_record
